<?xml version="1.0" encoding="UTF-8"?>
<!-- Generated by org.testng.reporters.JUnitXMLReporter -->
<testsuite ignored="0" hostname="Umesh--QTC" failures="0" tests="1" name="Command line test" time="2.268" errors="0" timestamp="2024-03-13T15:20:11 IST">
  <testcase classname="Framework.BaseTest" name="@BeforeMethod Login_Page" time="2.208">
    <failure type="java.lang.NullPointerException" message="Cannot invoke &amp;quot;org.openqa.selenium.WebDriver.findElement(org.openqa.selenium.By)&amp;quot; because &amp;quot;Framework.BaseTest.browser&amp;quot; is null">
      <![CDATA[java.lang.NullPointerException: Cannot invoke "org.openqa.selenium.WebDriver.findElement(org.openqa.selenium.By)" because "Framework.BaseTest.browser" is null
at Framework.BaseTest.login(BaseTest.java:270)
at Framework.BaseTest.Login_Page(BaseTest.java:62)
at java.base/java.util.ArrayList.forEach(ArrayList.java:1511)
at Example.TestRunner.main(TestRunner.java:44)
... Removed 26 stack frames]]>
    </failure>
  </testcase> <!-- @BeforeMethod Login_Page -->
  <testcase classname="Framework.BaseTest" name="@AfterMethod Quit_Browser" time="0.0">
    <skipped/>
  </testcase> <!-- @AfterMethod Quit_Browser -->
  <testcase classname="Example.SSD_Update" name="Excel_data" time="0.0">
    <skipped/>
  </testcase> <!-- Excel_data -->
</testsuite> <!-- Command line test -->
